[  6735.817] 
X.Org X Server 1.20.13
X Protocol Version 11, Revision 0
[  6735.817] Build Operating System: linux Ubuntu
[  6735.817] Current Operating System: Linux delaporte 5.13.0-48-generic #54~20.04.1-Ubuntu SMP Thu Jun 2 23:37:17 UTC 2022 x86_64
[  6735.817] Kernel command line: BOOT_IMAGE=/boot/vmlinuz-5.13.0-48-generic root=UUID=ea9d30cd-b33c-459d-95f1-a62675f93ccd ro quiet splash vt.handoff=7
[  6735.817] Build Date: 14 December 2021  02:14:13PM
[  6735.817] xorg-server 2:1.20.13-1ubuntu1~20.04.2 (For technical support please see http://www.ubuntu.com/support) 
[  6735.817] Current version of pixman: 0.38.4
[  6735.817] 	Before reporting problems, check http://wiki.x.org
	to make sure that you have the latest version.
[  6735.817] Markers: (--) probed, (**) from config file, (==) default setting,
	(++) from command line, (!!) notice, (II) informational,
	(WW) warning, (EE) error, (NI) not implemented, (??) unknown.
[  6735.818] (++) Log file: ".xorgxrdp.11.log", Time: Tue Jun 14 19:51:08 2022
[  6735.818] (++) Using config file: "/etc/X11/xrdp/xorg.conf"
[  6735.818] (==) Using system config directory "/usr/share/X11/xorg.conf.d"
[  6735.818] (==) ServerLayout "X11 Server"
[  6735.818] (**) |-->Screen "Screen (xrdpdev)" (0)
[  6735.818] (**) |   |-->Monitor "Monitor"
[  6735.818] (**) |   |-->Device "Video Card (xrdpdev)"
[  6735.818] (**) |-->Input Device "xrdpMouse"
[  6735.818] (**) |-->Input Device "xrdpKeyboard"
[  6735.818] (**) Option "DontVTSwitch" "on"
[  6735.818] (**) Option "AutoAddDevices" "off"
[  6735.818] (**) Not automatically adding devices
[  6735.818] (==) Automatically enabling devices
[  6735.818] (==) Automatically adding GPU devices
[  6735.818] (==) Automatically binding GPU devices
[  6735.818] (==) Max clients allowed: 256, resource mask: 0x1fffff
[  6735.818] (WW) The directory "/usr/share/fonts/X11/cyrillic" does not exist.
[  6735.818] 	Entry deleted from font path.
[  6735.818] (WW) The directory "/usr/share/fonts/X11/100dpi/" does not exist.
[  6735.818] 	Entry deleted from font path.
[  6735.818] (WW) The directory "/usr/share/fonts/X11/75dpi/" does not exist.
[  6735.818] 	Entry deleted from font path.
[  6735.818] (WW) The directory "/usr/share/fonts/X11/100dpi" does not exist.
[  6735.818] 	Entry deleted from font path.
[  6735.818] (WW) The directory "/usr/share/fonts/X11/75dpi" does not exist.
[  6735.818] 	Entry deleted from font path.
[  6735.818] (==) FontPath set to:
	/usr/share/fonts/X11/misc,
	/usr/share/fonts/X11/Type1,
	built-ins
[  6735.818] (==) ModulePath set to "/usr/lib/xorg/modules"
[  6735.818] (II) Loader magic: 0x5635f7a77020
[  6735.818] (II) Module ABI versions:
[  6735.818] 	X.Org ANSI C Emulation: 0.4
[  6735.818] 	X.Org Video Driver: 24.1
[  6735.818] 	X.Org XInput driver : 24.1
[  6735.818] 	X.Org Server Extension : 10.0
[  6735.820] (II) systemd-logind: took control of session /org/freedesktop/login1/session/c4
[  6735.821] (II) xfree86: Adding drm device (/dev/dri/card0)
[  6735.821] (EE) systemd-logind: failed to take device /dev/dri/card0: Operation not permitted
[  6735.821] (EE) /dev/dri/card0: failed to set DRM interface version 1.4: Permission denied
[  6735.823] (--) PCI:*(0@0:2:0) 8086:9bc8:103c:871a rev 3, Mem @ 0xf0000000/16777216, 0xe0000000/268435456, I/O @ 0x00003000/64, BIOS @ 0x????????/131072
[  6735.823] (II) "glx" will be loaded. This was enabled by default and also specified in the config file.
[  6735.823] (II) LoadModule: "dbe"
[  6735.823] (II) Module "dbe" already built-in
[  6735.823] (II) LoadModule: "ddc"
[  6735.823] (II) Module "ddc" already built-in
[  6735.823] (II) LoadModule: "extmod"
[  6735.823] (II) Module "extmod" already built-in
[  6735.823] (II) LoadModule: "glx"
[  6735.823] (II) Loading /usr/lib/xorg/modules/extensions/libglx.so
[  6735.824] (II) Module glx: vendor="X.Org Foundation"
[  6735.824] 	compiled for 1.20.13, module version = 1.0.0
[  6735.824] 	ABI class: X.Org Server Extension, version 10.0
[  6735.824] (II) LoadModule: "int10"
[  6735.824] (II) Loading /usr/lib/xorg/modules/libint10.so
[  6735.824] (II) Module int10: vendor="X.Org Foundation"
[  6735.824] 	compiled for 1.20.13, module version = 1.0.0
[  6735.824] 	ABI class: X.Org Video Driver, version 24.1
[  6735.824] (II) LoadModule: "record"
[  6735.824] (II) Module "record" already built-in
[  6735.824] (II) LoadModule: "vbe"
[  6735.824] (II) Loading /usr/lib/xorg/modules/libvbe.so
[  6735.824] (II) Module vbe: vendor="X.Org Foundation"
[  6735.824] 	compiled for 1.20.13, module version = 1.1.0
[  6735.824] 	ABI class: X.Org Video Driver, version 24.1
[  6735.824] (II) LoadModule: "glamoregl"
[  6735.824] (II) Loading /usr/lib/xorg/modules/libglamoregl.so
[  6735.827] (II) Module glamoregl: vendor="X.Org Foundation"
[  6735.827] 	compiled for 1.20.13, module version = 1.0.1
[  6735.827] 	ABI class: X.Org ANSI C Emulation, version 0.4
[  6735.827] (II) LoadModule: "xorgxrdp"
[  6735.827] (II) Loading /usr/lib/xorg/modules/libxorgxrdp.so
[  6735.827] (II) Module XORGXRDP: vendor="X.Org Foundation"
[  6735.827] 	compiled for 1.20.6, module version = 0.2.12
[  6735.827] 	ABI class: X.Org Video Driver, version 24.0
[  6735.827] xorgxrdpSetup:
[  6735.827] (II) LoadModule: "fb"
[  6735.827] (II) Loading /usr/lib/xorg/modules/libfb.so
[  6735.827] (II) Module fb: vendor="X.Org Foundation"
[  6735.827] 	compiled for 1.20.13, module version = 1.0.0
[  6735.827] 	ABI class: X.Org ANSI C Emulation, version 0.4
[  6735.827] (II) LoadModule: "xrdpdev"
[  6735.827] (II) Loading /usr/lib/xorg/modules/drivers/xrdpdev_drv.so
[  6735.828] (II) Module XRDPDEV: vendor="X.Org Foundation"
[  6735.828] 	compiled for 1.20.6, module version = 0.2.12
[  6735.828] 	ABI class: X.Org Video Driver, version 24.0
[  6735.828] xrdpdevSetup:
[  6735.828] (II) LoadModule: "xrdpmouse"
[  6735.828] (II) Loading /usr/lib/xorg/modules/input/xrdpmouse_drv.so
[  6735.828] (II) Module XRDPMOUSE: vendor="X.Org Foundation"
[  6735.828] 	compiled for 1.20.6, module version = 0.2.12
[  6735.828] 	Module class: X.Org XInput Driver
[  6735.828] 	ABI class: X.Org XInput driver, version 24.1
[  6735.828] rdpmousePlug:
[  6735.828] (II) LoadModule: "xrdpkeyb"
[  6735.828] (II) Loading /usr/lib/xorg/modules/input/xrdpkeyb_drv.so
[  6735.828] (II) Module XRDPKEYB: vendor="X.Org Foundation"
[  6735.828] 	compiled for 1.20.6, module version = 0.2.12
[  6735.828] 	Module class: X.Org XInput Driver
[  6735.828] 	ABI class: X.Org XInput driver, version 24.1
[  6735.828] rdpkeybPlug:
[  6735.828] rdpIdentify:
[  6735.828] (II) XRDPDEV: driver for xrdp: XRDPDEV
[  6735.828] rdpDriverFunc: op 10
[  6735.828] (WW) Falling back to old probe method for XRDPDEV
[  6735.828] rdpProbe:
[  6735.828] (II) Loading sub module "fb"
[  6735.828] (II) LoadModule: "fb"
[  6735.828] (II) Loading /usr/lib/xorg/modules/libfb.so
[  6735.828] (II) Module fb: vendor="X.Org Foundation"
[  6735.828] 	compiled for 1.20.13, module version = 1.0.0
[  6735.828] 	ABI class: X.Org ANSI C Emulation, version 0.4
[  6735.828] rdpProbe: found DRMDevice xorg.conf value [/dev/dri/renderD128]
[  6735.828] rdpProbe: found DRI3 xorg.conf value [1]
[  6735.828] (II) XRDPDEV(0): using default device
[  6735.828] (WW) VGA arbiter: cannot open kernel arbiter, no multi-card support
[  6735.828] rdpPreInit:
[  6735.828] rdpPreInit: /dev/dri/renderD128 open ok, fd 10
[  6735.828] (**) XRDPDEV(0): Depth 24, (--) framebuffer bpp 32
[  6735.828] (==) XRDPDEV(0): RGB weight 888
[  6735.828] (==) XRDPDEV(0): Using gamma correction (1.0, 1.0, 1.0)
[  6735.828] (==) XRDPDEV(0): Default visual is TrueColor
[  6735.828] (==) XRDPDEV(0): DPI set to (96, 96)
[  6735.828] (II) XRDPDEV(0): 	mode "640x480" ok
[  6735.828] (II) XRDPDEV(0): 	mode "800x600" ok
[  6735.828] (II) XRDPDEV(0): Virtual size is 800x600 (pitch 800)
[  6735.828] (**) XRDPDEV(0):  Default mode "800x600": 36.0 MHz (scaled from 0.0 MHz), 35.2 kHz, 56.2 Hz
[  6735.829] (II) XRDPDEV(0): Modeline "800x600"x0.0   36.00  800 824 896 1024  600 601 603 625 +hsync +vsync (35.2 kHz d)
[  6735.829] (II) Loading sub module "glamoregl"
[  6735.829] (II) LoadModule: "glamoregl"
[  6735.829] (II) Loading /usr/lib/xorg/modules/libglamoregl.so
[  6735.829] (II) Module glamoregl: vendor="X.Org Foundation"
[  6735.829] 	compiled for 1.20.13, module version = 1.0.1
[  6735.829] 	ABI class: X.Org ANSI C Emulation, version 0.4
[  6735.829] rdpPreInit: glamor module load ok
[  6735.855] (II) XRDPDEV(0): glamor X acceleration enabled on Mesa Intel(R) UHD Graphics 630 (CML GT2)
[  6735.856] rdpPreInit: glamor init ok
[  6735.856] rdpScreenInit: virtualX 800 virtualY 600 rgbBits 8 depth 24
[  6735.856] rdpScreenInit: pfbMemory bytes 1920000
[  6735.856] rdpScreenInit: pfbMemory 0x7faed81a0010
[  6735.856] rdpSimdInit: assigning yuv functions
[  6735.856] rdpSimdInit: cpuid ax 1 cx 0 return ax 0x000a0653 bx 0x01100800 cx 0x7ffafbff dx 0xbfebfbff
[  6735.856] rdpSimdInit: sse2 amd64 yuv functions assigned
[  6735.866] rdpScreenInit: glamor_init ok
[  6735.866] rdpDri2Init:
[  6735.866] (II) XRDPDEV(0): [DRI2] Setup complete
[  6735.866] (II) XRDPDEV(0): [DRI2]   DRI driver: i965
[  6735.866] (II) XRDPDEV(0): [DRI2]   VDPAU driver: va_gl
[  6735.866] rdpScreenInit: rdpDri2Init ok
[  6735.866] rdpScreenInit: rdpDri3Init ok
[  6735.866] (==) XRDPDEV(0): Backing store enabled
[  6735.866] rdpClientConInit: disconnect idle session after [0] sec
[  6735.866] rdpClientConInit: kill disconnected [0] timeout [0] sec
[  6735.866] rdpEglCreate: vertex_shader compiled 1
[  6735.866] rdpEglCreate: fragment_shader compiled 1
[  6735.866] rdpEglCreate: linked 1
[  6735.866] rdpEglCreate: copy_tex_loc 0 copy_tex_size_loc 1
[  6735.866] rdpEglCreate: vertex_shader compiled 1
[  6735.866] rdpEglCreate: fragment_shader compiled 1
[  6735.867] rdpEglCreate: linked 1
[  6735.867] rdpEglCreate: yuv_tex_loc 0 yuv_tex_size_loc 1
[  6735.867] rdpEglCreate: vertex_shader compiled 1
[  6735.867] rdpEglCreate: fragment_shader compiled 1
[  6735.868] rdpEglCreate: linked 1
[  6735.868] rdpEglCreate: yuvlp_tex_loc 0 yuvlp_tex_size_loc 1
[  6735.868] rdpEglCreate: vertex_shader compiled 1
[  6735.868] rdpEglCreate: fragment_shader compiled 1
[  6735.868] rdpEglCreate: linked 1
[  6735.868] rdpEglCreate: crc_tex_loc 256 crc_tex_size_loc 257
[  6735.868] rdpScreenInit: out
[  6735.868] (II) Initializing extension Generic Event Extension
[  6735.869] (II) Initializing extension SHAPE
[  6735.869] (II) Initializing extension MIT-SHM
[  6735.869] (II) Initializing extension XInputExtension
[  6735.869] (II) Initializing extension XTEST
[  6735.869] (II) Initializing extension BIG-REQUESTS
[  6735.869] (II) Initializing extension SYNC
[  6735.869] (II) Initializing extension XKEYBOARD
[  6735.869] (II) Initializing extension XC-MISC
[  6735.869] (II) Initializing extension SECURITY
[  6735.869] (II) Initializing extension XFIXES
[  6735.869] (II) Initializing extension RENDER
[  6735.869] (II) Initializing extension RANDR
[  6735.870] (II) Initializing extension COMPOSITE
[  6735.870] (II) Initializing extension DAMAGE
[  6735.870] (II) Initializing extension MIT-SCREEN-SAVER
[  6735.870] (II) Initializing extension DOUBLE-BUFFER
[  6735.870] (II) Initializing extension RECORD
[  6735.870] (II) Initializing extension DPMS
[  6735.870] (II) Initializing extension Present
[  6735.870] (II) Initializing extension DRI3
[  6735.870] (II) Initializing extension X-Resource
[  6735.870] (II) Initializing extension XVideo
[  6735.870] (II) Initializing extension XVideo-MotionCompensation
[  6735.870] (II) Initializing extension SELinux
[  6735.870] (II) SELinux: Disabled on system
[  6735.870] (II) Initializing extension GLX
[  6735.873] (II) AIGLX: Loaded and initialized i965
[  6735.873] (II) GLX: Initialized DRI2 GL provider for screen 0
[  6735.873] (II) Initializing extension XFree86-VidModeExtension
[  6735.873] (II) Initializing extension XFree86-DGA
[  6735.873] (II) Initializing extension XFree86-DRI
[  6735.873] (II) Initializing extension DRI2
[  6735.873] rdpCreateScreenResources:
[  6735.873] rdpCreateScreenResources: create screen pixmap w 800 h 600
[  6735.874] rdpCreateScreenResources: screen_tex 0x00000001
[  6735.890] (II) Using input driver 'XRDPMOUSE' for 'xrdpMouse'
[  6735.890] (**) Option "CorePointer"
[  6735.890] (**) xrdpMouse: always reports core events
[  6735.890] rdpmousePreInit: drv 0x5635f9270fd0 info 0x5635f9aad840, flags 0x0
[  6735.890] (II) XINPUT: Adding extended input device "xrdpMouse" (type: Mouse, id 6)
[  6735.890] rdpmouseControl: what 0
[  6735.890] rdpmouseDeviceInit:
[  6735.890] rdpmouseCtrl:
[  6735.890] rdpRegisterInputCallback: type 1 proc 0x7faee0ab5430
[  6735.890] (**) xrdpMouse: (accel) keeping acceleration scheme 1
[  6735.890] (**) xrdpMouse: (accel) acceleration profile 0
[  6735.890] (**) xrdpMouse: (accel) acceleration factor: 2.000
[  6735.890] (**) xrdpMouse: (accel) acceleration threshold: 4
[  6735.890] rdpmouseControl: what 1
[  6735.890] rdpmouseDeviceOn:
[  6735.890] (II) Using input driver 'XRDPKEYB' for 'xrdpKeyboard'
[  6735.890] (**) Option "CoreKeyboard"
[  6735.890] (**) xrdpKeyboard: always reports core events
[  6735.890] rdpkeybPreInit: drv 0x5635f9271690 info 0x5635f9c35650, flags 0x0
[  6735.890] (II) XINPUT: Adding extended input device "xrdpKeyboard" (type: Keyboard, id 7)
[  6735.890] rdpkeybControl: what 0
[  6735.890] rdpkeybDeviceInit:
[  6735.901] rdpkeybChangeKeyboardControl:
[  6735.901] rdpkeybChangeKeyboardControl: autoRepeat on
[  6735.901] rdpRegisterInputCallback: type 0 proc 0x7faee0ab08e0
[  6735.901] rdpkeybControl: what 1
[  6735.901] rdpkeybDeviceOn:
[  6735.907] (II) config/udev: Adding input device Power Button (/dev/input/event2)
[  6735.907] (II) AutoAddDevices is off - not adding device.
[  6735.907] (II) config/udev: Adding input device Video Bus (/dev/input/event6)
[  6735.907] (II) AutoAddDevices is off - not adding device.
[  6735.908] (II) config/udev: Adding input device Power Button (/dev/input/event1)
[  6735.908] (II) AutoAddDevices is off - not adding device.
[  6735.908] (II) config/udev: Adding input device Sleep Button (/dev/input/event0)
[  6735.908] (II) AutoAddDevices is off - not adding device.
[  6735.908] (II) config/udev: Adding drm device (/dev/dri/card0)
[  6735.908] (II) xfree86: Adding drm device (/dev/dri/card0)
[  6735.908] (EE) systemd-logind: failed to take device /dev/dri/card0: Operation not permitted
[  6735.908] (EE) /dev/dri/card0: failed to set DRM interface version 1.4: Permission denied
[  6735.909] (II) config/udev: Adding input device Logitech K780 (/dev/input/event3)
[  6735.909] (II) AutoAddDevices is off - not adding device.
[  6735.909] (II) config/udev: Adding input device Logitech M720 Triathlon (/dev/input/event4)
[  6735.909] (II) AutoAddDevices is off - not adding device.
[  6735.910] (II) config/udev: Adding input device Logitech M720 Triathlon (/dev/input/mouse0)
[  6735.910] (II) AutoAddDevices is off - not adding device.
[  6735.910] (II) config/udev: Adding input device HDA Intel PCH Headphone Mic (/dev/input/event7)
[  6735.910] (II) AutoAddDevices is off - not adding device.
[  6735.910] (II) config/udev: Adding input device HDA Intel PCH HDMI/DP,pcm=3 (/dev/input/event8)
[  6735.910] (II) AutoAddDevices is off - not adding device.
[  6735.910] (II) config/udev: Adding input device HDA Intel PCH HDMI/DP,pcm=7 (/dev/input/event9)
[  6735.910] (II) AutoAddDevices is off - not adding device.
[  6735.910] (II) config/udev: Adding input device HDA Intel PCH HDMI/DP,pcm=8 (/dev/input/event10)
[  6735.911] (II) AutoAddDevices is off - not adding device.
[  6735.911] (II) config/udev: Adding input device HDA Intel PCH HDMI/DP,pcm=9 (/dev/input/event11)
[  6735.911] (II) AutoAddDevices is off - not adding device.
[  6735.911] (II) config/udev: Adding input device HDA Intel PCH HDMI/DP,pcm=10 (/dev/input/event12)
[  6735.911] (II) AutoAddDevices is off - not adding device.
[  6735.912] (II) config/udev: Adding input device HP WMI hotkeys (/dev/input/event5)
[  6735.912] (II) AutoAddDevices is off - not adding device.
[  6735.914] rdpDeferredRandR:
[  6735.914] rdpResizeSession: width 1024 height 768
[  6735.914]   calling RRScreenSizeSet
[  6735.914] rdpRRScreenSetSize: width 1024 height 768 mmWidth 271 mmHeight 203
[  6735.915] rdpRRScreenSetSize: screen_tex 0x00000003
[  6735.915] rdpRRGetInfo:
[  6735.915]   screen resized to 1024x768
[  6735.915]   RRScreenSizeSet ok 1
[  6735.915] rdpResizeSession: width 1080 height 2400
[  6735.915]   calling RRScreenSizeSet
[  6735.915] rdpRRScreenSetSize: width 1080 height 2400 mmWidth 286 mmHeight 635
[  6735.917] rdpRRScreenSetSize: screen_tex 0x00000004
[  6735.917] rdpRRGetInfo:
[  6735.917]   screen resized to 1080x2400
[  6735.917]   RRScreenSizeSet ok 1
[  6735.917] rdpClientConGotConnection:
[  6735.917] rdpClientConGotConnection: g_sck_accept ok new_sck 7
[  6735.918] rdpClientConGetConnection: idle_disconnect_timeout set to non-positive value, idle timer turned off
[  6735.918] rdpAddClientConToDev: adding first clientCon 0x5635f9c92970
[  6735.918] rdpClientConProcessMsgVersion: version 0 0 0 1
[  6735.918] rdpClientConProcessScreenSizeMsg: set width 1080 height 2400 bpp 32
[  6735.918] rdpClientConProcessScreenSizeMsg: shmemid 21 shmemptr 0x7faec2c1c000
[  6735.918] rdpClientConProcessMsgClientInput: invalidate x 0 y 0 cx 1080 cy 2400
[  6736.001] rdpInDeferredRepeatCallback:
[  6736.001] rdpkeybChangeKeyboardControl:
[  6736.001] rdpkeybChangeKeyboardControl: autoRepeat off
[  6736.096] rdpClientConProcessMsgClientInfo:
[  6736.096]   got client info bytes 5752
[  6736.096]   jpeg support 0
[  6736.096]   offscreen support 0
[  6736.096]   offscreen size 0
[  6736.096]   offscreen entries 0
[  6736.096]   client can not do offscreen to offscreen blits
[  6736.096]   client can do new(color) cursor
[  6736.097]   client can not do multimon
[  6736.097] rdpRRSetRdpOutputs: numCrtcs 0 numOutputs 0 monitorCount 0
[  6736.097] rdpRRSetRdpOutputs: add output 0 left 0 top 0 width 1080 height 2400
[  6736.097] rdpLoadLayout: keylayout 0x00000409 variant  display 11
[  6736.097] rdpkeybChangeKeyboardControl:
[  6736.097] rdpkeybChangeKeyboardControl: autoRepeat on
[  6736.097] rdpkeybChangeKeyboardControl:
[  6736.097] rdpkeybChangeKeyboardControl: autoRepeat on
[  6736.197] rdpInDeferredRepeatCallback:
[  6736.197] rdpkeybChangeKeyboardControl:
[  6736.197] rdpkeybChangeKeyboardControl: autoRepeat off
[  6736.197] rdpInDeferredRepeatCallback:
[  6736.197] rdpkeybChangeKeyboardControl:
[  6736.197] rdpkeybChangeKeyboardControl: autoRepeat off
[  6736.365] rdpDri2GetMSC:
[  6736.393] rdpRRGetInfo:
[  6736.401] rdpkeybChangeKeyboardControl:
[  6736.401] rdpkeybChangeKeyboardControl: autoRepeat on
[  6736.401] rdpkeybChangeKeyboardControl:
[  6736.401] rdpkeybChangeKeyboardControl: autoRepeat on
[  6736.401] rdpkeybChangeKeyboardControl:
[  6736.401] rdpkeybChangeKeyboardControl: autoRepeat on
[  6736.401] rdpkeybChangeKeyboardControl:
[  6736.401] rdpkeybChangeKeyboardControl: autoRepeat on
[  6736.403] rdpkeybChangeKeyboardControl:
[  6736.403] rdpkeybChangeKeyboardControl: autoRepeat on
[  6736.403] rdpkeybChangeKeyboardControl:
[  6736.403] rdpkeybChangeKeyboardControl: autoRepeat on
[  6736.501] rdpInDeferredRepeatCallback:
[  6736.501] rdpkeybChangeKeyboardControl:
[  6736.501] rdpkeybChangeKeyboardControl: autoRepeat off
[  6736.501] rdpInDeferredRepeatCallback:
[  6736.501] rdpkeybChangeKeyboardControl:
[  6736.501] rdpkeybChangeKeyboardControl: autoRepeat off
[  6736.501] rdpInDeferredRepeatCallback:
[  6736.501] rdpkeybChangeKeyboardControl:
[  6736.501] rdpkeybChangeKeyboardControl: autoRepeat off
[  6736.501] rdpInDeferredRepeatCallback:
[  6736.501] rdpkeybChangeKeyboardControl:
[  6736.501] rdpkeybChangeKeyboardControl: autoRepeat off
[  6736.503] rdpInDeferredRepeatCallback:
[  6736.503] rdpkeybChangeKeyboardControl:
[  6736.503] rdpkeybChangeKeyboardControl: autoRepeat off
[  6736.503] rdpInDeferredRepeatCallback:
[  6736.503] rdpkeybChangeKeyboardControl:
[  6736.503] rdpkeybChangeKeyboardControl: autoRepeat off
[  6736.685] rdpRRGetInfo:
[  7091.595] rdpRRGetInfo:
[  9239.091] rdpClientConRecv: g_sck_recv failed(returned 0)
[  9239.091] rdpClientConRecvMsg: error
[  9239.091] rdpClientConCheck: rdpClientConGotData failed
[  9239.091] rdpClientConDisconnect:
[  9239.091] rdpRemoveClientConFromDev: removing clientCon 0x5635f9c92970
[105357.904] rdpClientConGotConnection:
[105357.904] rdpClientConGotConnection: g_sck_accept ok new_sck 7
[105357.904] rdpClientConGetConnection: idle_disconnect_timeout set to non-positive value, idle timer turned off
[105357.904] rdpAddClientConToDev: adding first clientCon 0x5635f9c92970
[105357.906] rdpClientConProcessMsgVersion: version 0 0 0 1
[105357.906] rdpClientConProcessScreenSizeMsg: set width 1080 height 2400 bpp 32
[105357.906] rdpClientConProcessScreenSizeMsg: shmemid 196636 shmemptr 0x7faebe605000
[105357.906] rdpClientConProcessMsgClientInput: invalidate x 0 y 0 cx 1080 cy 2400
[105357.909] rdpClientConProcessMsgClientInfo:
[105357.909]   got client info bytes 5752
[105357.909]   jpeg support 0
[105357.909]   offscreen support 0
[105357.909]   offscreen size 0
[105357.909]   offscreen entries 0
[105357.909]   client can not do offscreen to offscreen blits
[105357.909]   client can do new(color) cursor
[105357.910]   client can not do multimon
[105357.910] rdpRRSetRdpOutputs: numCrtcs 1 numOutputs 1 monitorCount 0
[105357.910] rdpRRSetRdpOutputs: update output 0 left 0 top 0 width 1080 height 2400
[105357.910] rdpRRUpdateOutput:
[105357.910] rdpLoadLayout: keylayout 0x00000409 variant  display 11
[105357.910] rdpkeybChangeKeyboardControl:
[105357.910] rdpkeybChangeKeyboardControl: autoRepeat on
[105357.910] rdpkeybChangeKeyboardControl:
[105357.910] rdpkeybChangeKeyboardControl: autoRepeat on
[105357.912] rdpRRGetInfo:
[105358.010] rdpInDeferredRepeatCallback:
[105358.010] rdpkeybChangeKeyboardControl:
[105358.010] rdpkeybChangeKeyboardControl: autoRepeat off
[105358.010] rdpInDeferredRepeatCallback:
[105358.010] rdpkeybChangeKeyboardControl:
[105358.010] rdpkeybChangeKeyboardControl: autoRepeat off
[106260.201] rdpmouseControl: what 2
[106260.201] rdpmouseDeviceOff:
[106260.201] rdpkeybControl: what 2
[106260.201] rdpkeybDeviceOff:
[106260.217] rdpkeybControl: what 3
[106260.218] rdpkeybUnInit: drv 0x5635f9271690 info 0x5635f9c35650, flags 0x0
[106260.218] rdpUnregisterInputCallback: proc 0x7faee0ab08e0
[106260.218] rdpmouseControl: what 3
[106260.218] rdpmouseUnInit: drv 0x5635f9270fd0 info 0x5635f9aad840, flags 0x0
[106260.218] rdpUnregisterInputCallback: proc 0x7faee0ab5430
[106260.219] rdpCloseScreen:
[106260.219] xorgxrdpDownDown:
[106260.219] xorgxrdpDownDown: 1
[106260.219] rdpClientConDeinit:
[106260.219] rdpClientConDeinit: disconnecting clientCon
[106260.219] rdpClientConDisconnect:
[106260.219] rdpRemoveClientConFromDev: removing clientCon 0x5635f9c92970
[106260.220] rdpClientConDeinit: deleting file /run/xrdp/sockdir/xrdp_display_11
[106260.220] rdpClientConDeinit: deleting file /run/xrdp/sockdir/xrdp_disconnect_display_11
[106260.479] (II) Server terminated successfully (0). Closing log file.
